<?xml version="1.0" encoding="UTF-8"?>
<!-- Generated by org.testng.reporters.JUnitXMLReporter -->
<testsuite hostname="Surajs-MacBook-Pro.local" ignored="0" name="Default test" tests="2" failures="0" timestamp="25 Jun 2020 15:31:12 GMT" time="27.863" errors="0">
  <testcase name="verifyComposeButtonIsDisplayedTest" time="10.084" classname="com.qa.gmail.tests.InboxPageTest"/>
  <testcase name="gmailTest" time="10.437" classname="com.qa.gmail.tests.InboxPageTest"/>
</testsuite> <!-- Default test -->
