<?xml version="1.0" encoding="UTF-8"?>
<!-- Generated by org.testng.reporters.JUnitXMLReporter -->
<testsuite hostname="Surajs-MacBook-Pro.local" ignored="0" name="Gmail mail test" tests="2" failures="0" timestamp="25 Jun 2020 16:03:35 GMT" time="25.579" errors="0">
  <testcase name="verifyComposeButtonIsDisplayedTest" time="8.31" classname="com.qa.gmail.tests.InboxPageTest"/>
  <testcase name="verifyGmailTest" time="11.052" classname="com.qa.gmail.tests.InboxPageTest"/>
</testsuite> <!-- Gmail mail test -->
