<?xml version="1.0" encoding="UTF-8"?>
<testng-results skipped="0" failed="0" ignored="0" total="2" passed="2">
  <reporter-output>
  </reporter-output>
  <suite name="Gmail Automation test suite" duration-ms="23797" started-at="2020-06-25T16:06:33Z" finished-at="2020-06-25T16:06:57Z">
    <groups>
    </groups>
    <test name="Gmail mail test" duration-ms="23797" started-at="2020-06-25T16:06:33Z" finished-at="2020-06-25T16:06:57Z">
      <class name="com.qa.gmail.tests.InboxPageTest">
        <test-method status="PASS" signature="setUp()[pri:0, instance:com.qa.gmail.tests.InboxPageTest@60438a68]" name="setUp" is-config="true" duration-ms="3830" started-at="2020-06-25T16:06:33Z" finished-at="2020-06-25T16:06:37Z">
          <reporter-output>
          </reporter-output>
        </test-method> <!-- setUp -->
        <test-method status="PASS" signature="inboxSetup()[pri:0, instance:com.qa.gmail.tests.InboxPageTest@60438a68]" name="inboxSetup" is-config="true" duration-ms="2134" started-at="2020-06-25T16:06:37Z" finished-at="2020-06-25T16:06:39Z">
          <reporter-output>
          </reporter-output>
        </test-method> <!-- inboxSetup -->
        <test-method status="PASS" signature="verifyComposeButtonIsDisplayedTest()[pri:1, instance:com.qa.gmail.tests.InboxPageTest@60438a68]" name="verifyComposeButtonIsDisplayedTest" duration-ms="8825" started-at="2020-06-25T16:06:39Z" finished-at="2020-06-25T16:06:48Z">
          <reporter-output>
          </reporter-output>
        </test-method> <!-- verifyComposeButtonIsDisplayedTest -->
        <test-method status="PASS" signature="verifyGmailTest()[pri:2, instance:com.qa.gmail.tests.InboxPageTest@60438a68]" name="verifyGmailTest" duration-ms="8987" started-at="2020-06-25T16:06:48Z" depends-on-methods="com.qa.gmail.tests.InboxPageTest.verifyComposeButtonIsDisplayedTest" finished-at="2020-06-25T16:06:57Z">
          <reporter-output>
          </reporter-output>
        </test-method> <!-- verifyGmailTest -->
        <test-method status="PASS" signature="tearDown()[pri:0, instance:com.qa.gmail.tests.InboxPageTest@60438a68]" name="tearDown" is-config="true" duration-ms="1" started-at="2020-06-25T16:06:57Z" finished-at="2020-06-25T16:06:57Z">
          <reporter-output>
          </reporter-output>
        </test-method> <!-- tearDown -->
      </class> <!-- com.qa.gmail.tests.InboxPageTest -->
    </test> <!-- Gmail mail test -->
  </suite> <!-- Gmail Automation test suite -->
</testng-results>
